[4166:0x3a68ae0]      198 ms: [Finished reentrant Mark-sweep during Mark-sweep.]
{ 'Heap Size Limit': '1,466,368 KB',
  'GC Prologue Notifications': 314,
  'Heap Used Metrics': 
   { 'At Ctor': '5,003 KB',
     'At Peak': '68,622 KB',
     'At last': '30,426 KB' },
  'Heap Size Metrics': 
   { 'At Ctor': '10,672 KB',
     'At Peak': '89,240 KB',
     'At last': '61,712 KB' },
  'Physical Size Metrics': 
   { 'At Ctor': '9,253 KB',
     'At Peak': '88,153 KB',
     'At last': '60,607 KB' } }
<testsuite name="Mocha Tests" tests="2" failures="0" errors="0" skipped="0" timestamp="Thu, 11 May 2017 02:35:27 GMT" time="2.508">
<testcase classname="DumpHeapMetrics" name="should return true" time="1.28"/>
<testcase classname="GetHeapMetrics" name="should return true" time="1.201"/>
</testsuite>
